Node: cs-pheno-01
CUDA_VISIBLE_DEVICES: 0
Task: 66
Group: patient=CID44991__celltype=equivocal
Python: /home/michalnu/.conda/envs/bc_walks/bin/python
torch: 2.5.1
cuda available: True
device: NVIDIA GeForce RTX 3090

=== GROUP: patient=CID44991__celltype=equivocal ===
expr shape: (8135, 223) n_genes: 8136
[WARN] gene/matrix mismatch after transpose: mat_rows=8135 n_genes=8136 diff=1
[WARN] Aligning by truncation to n=8135
Computing cosine on GPU...
[GPU] Converting sparse -> dense float32 (CPU) ...
[GPU] Moving dense matrix to GPU ...
[GPU] X shape: (8135, 223)
[GPU] Computing cosine similarity in batches (n=8135, batch=1024, k=50) ...
Building graph (faster: integer vertex ids)...
Caching neighbors+weights for fast walks...
Preparing corpus...
SLURM_CPUS=6 W2V_WORKERS=6 materialize=True
Materializing walks into RAM (this can take time/memory)...
Materialized 8135000 walks
Building vocab...
Vocab built. Starting train...
Train done.
Saved model.
DONE.
