Node: cs-pheno-01
CUDA_VISIBLE_DEVICES: 0
Task: 78
Group: patient=CID45171__celltype=T-cells
Python: /home/michalnu/.conda/envs/bc_walks/bin/python
torch: 2.5.1
cuda available: True
device: NVIDIA GeForce RTX 3090

=== GROUP: patient=CID45171__celltype=T-cells ===
expr shape: (9655, 1344) n_genes: 9656
[WARN] gene/matrix mismatch after transpose: mat_rows=9655 n_genes=9656 diff=1
[WARN] Aligning by truncation to n=9655
Computing cosine on GPU...
[GPU] Converting sparse -> dense float32 (CPU) ...
[GPU] Moving dense matrix to GPU ...
[GPU] X shape: (9655, 1344)
[GPU] Computing cosine similarity in batches (n=9655, batch=1024, k=50) ...
Building graph (faster: integer vertex ids)...
Caching neighbors+weights for fast walks...
Preparing corpus...
SLURM_CPUS=6 W2V_WORKERS=6 materialize=True
Materializing walks into RAM (this can take time/memory)...
Materialized 9655000 walks
Building vocab...
Vocab built. Starting train...
Train done.
Saved model.
DONE.
