Node: cs-pheno-03
CUDA_VISIBLE_DEVICES: 0
Task: 59
Group: patient=CID44971__celltype=Epithelial
Python: /home/michalnu/.conda/envs/bc_walks/bin/python
torch: 2.5.1
cuda available: True
device: NVIDIA GeForce GTX 1080 Ti

=== GROUP: patient=CID44971__celltype=Epithelial ===
expr shape: (14107, 849) n_genes: 14108
[WARN] gene/matrix mismatch after transpose: mat_rows=14107 n_genes=14108 diff=1
[WARN] Aligning by truncation to n=14107
Computing cosine on GPU...
[GPU] Converting sparse -> dense float32 (CPU) ...
[GPU] Moving dense matrix to GPU ...
[GPU] X shape: (14107, 849)
[GPU] Computing cosine similarity in batches (n=14107, batch=1024, k=50) ...
Building graph (faster: integer vertex ids)...
Caching neighbors+weights for fast walks...
Preparing corpus...
SLURM_CPUS=6 W2V_WORKERS=6 materialize=True
Materializing walks into RAM (this can take time/memory)...
Materialized 14107000 walks
Building vocab...
Vocab built. Starting train...
Train done.
Saved model.
DONE.
