Node: ise-pheno-05
CUDA_VISIBLE_DEVICES: 0
Task: 35
Group: patient=CID4290A__celltype=T-cells
Python: /home/michalnu/.conda/envs/bc_walks/bin/python
torch: 2.5.1
cuda available: True
device: NVIDIA GeForce RTX 2080 Ti

=== GROUP: patient=CID4290A__celltype=T-cells ===
expr shape: (4603, 534) n_genes: 4604
[WARN] gene/matrix mismatch after transpose: mat_rows=4603 n_genes=4604 diff=1
[WARN] Aligning by truncation to n=4603
Computing cosine on GPU...
[GPU] Converting sparse -> dense float32 (CPU) ...
[GPU] Moving dense matrix to GPU ...
[GPU] X shape: (4603, 534)
[GPU] Computing cosine similarity in batches (n=4603, batch=1024, k=50) ...
Building graph (faster: integer vertex ids)...
Caching neighbors+weights for fast walks...
Preparing corpus...
SLURM_CPUS=6 W2V_WORKERS=6 materialize=True
Materializing walks into RAM (this can take time/memory)...
Materialized 4603000 walks
Building vocab...
Vocab built. Starting train...
Train done.
Saved model.
DONE.
