Node: cs-pheno-04
CUDA_VISIBLE_DEVICES: 0
Task: 69
Group: patient=CID4513__celltype=equivocal
Python: /home/michalnu/.conda/envs/bc_walks/bin/python
torch: 2.5.1
cuda available: True
device: NVIDIA GeForce RTX 3090

=== GROUP: patient=CID4513__celltype=equivocal ===
expr shape: (13899, 1135) n_genes: 13900
[WARN] gene/matrix mismatch after transpose: mat_rows=13899 n_genes=13900 diff=1
[WARN] Aligning by truncation to n=13899
Computing cosine on GPU...
[GPU] Converting sparse -> dense float32 (CPU) ...
[GPU] Moving dense matrix to GPU ...
[GPU] X shape: (13899, 1135)
[GPU] Computing cosine similarity in batches (n=13899, batch=1024, k=50) ...
Building graph (faster: integer vertex ids)...
Caching neighbors+weights for fast walks...
Preparing corpus...
SLURM_CPUS=6 W2V_WORKERS=6 materialize=True
Materializing walks into RAM (this can take time/memory)...
Materialized 13899000 walks
Building vocab...
Vocab built. Starting train...
Train done.
Saved model.
DONE.
