Node: ise-pheno-11
CUDA_VISIBLE_DEVICES: 0
Task: 57
Group: patient=CID44971__celltype=B-cell
Python: /home/michalnu/.conda/envs/bc_walks/bin/python
torch: 2.5.1
cuda available: True
device: NVIDIA GeForce RTX 3090

=== GROUP: patient=CID44971__celltype=B-cell ===
expr shape: (7880, 400) n_genes: 7881
[WARN] gene/matrix mismatch after transpose: mat_rows=7880 n_genes=7881 diff=1
[WARN] Aligning by truncation to n=7880
Computing cosine on GPU...
[GPU] Converting sparse -> dense float32 (CPU) ...
[GPU] Moving dense matrix to GPU ...
[GPU] X shape: (7880, 400)
[GPU] Computing cosine similarity in batches (n=7880, batch=1024, k=50) ...
Building graph (faster: integer vertex ids)...
Caching neighbors+weights for fast walks...
Preparing corpus...
SLURM_CPUS=6 W2V_WORKERS=6 materialize=True
Materializing walks into RAM (this can take time/memory)...
Materialized 7880000 walks
Building vocab...
Vocab built. Starting train...
Train done.
Saved model.
DONE.
