Node: ise-pheno-08
CUDA_VISIBLE_DEVICES: 0
Task: 25
Group: patient=CID4066__celltype=Fibroblasts
Python: /home/michalnu/.conda/envs/bc_walks/bin/python
torch: 2.5.1
cuda available: True
device: NVIDIA GeForce RTX 3090

=== GROUP: patient=CID4066__celltype=Fibroblasts ===
expr shape: (11976, 910) n_genes: 11977
[WARN] gene/matrix mismatch after transpose: mat_rows=11976 n_genes=11977 diff=1
[WARN] Aligning by truncation to n=11976
Computing cosine on GPU...
[GPU] Converting sparse -> dense float32 (CPU) ...
[GPU] Moving dense matrix to GPU ...
[GPU] X shape: (11976, 910)
[GPU] Computing cosine similarity in batches (n=11976, batch=1024, k=50) ...
Building graph (faster: integer vertex ids)...
Caching neighbors+weights for fast walks...
Preparing corpus...
SLURM_CPUS=6 W2V_WORKERS=6 materialize=True
Materializing walks into RAM (this can take time/memory)...
