Node: ise-pheno-07
CUDA_VISIBLE_DEVICES: 0
Task: 63
Group: patient=CID44971__celltype=T-cells
Python: /home/michalnu/.conda/envs/bc_walks/bin/python
torch: 2.5.1
cuda available: True
device: NVIDIA GeForce GTX 1080 Ti

=== GROUP: patient=CID44971__celltype=T-cells ===
expr shape: (12849, 4347) n_genes: 12850
[WARN] gene/matrix mismatch after transpose: mat_rows=12849 n_genes=12850 diff=1
[WARN] Aligning by truncation to n=12849
Computing cosine on GPU...
[GPU] Converting sparse -> dense float32 (CPU) ...
[GPU] Moving dense matrix to GPU ...
[GPU] X shape: (12849, 4347)
[GPU] Computing cosine similarity in batches (n=12849, batch=1024, k=50) ...
Building graph (faster: integer vertex ids)...
Caching neighbors+weights for fast walks...
Preparing corpus...
SLURM_CPUS=6 W2V_WORKERS=6 materialize=True
Materializing walks into RAM (this can take time/memory)...
