Node: dt-2080-19
CUDA_VISIBLE_DEVICES: 0
Task: 36
Group: patient=CID4398__celltype=T-cells
Python: /home/michalnu/.conda/envs/bc_walks/bin/python
torch: 2.5.1
cuda available: True
device: NVIDIA GeForce RTX 2080 Ti

=== GROUP: patient=CID4398__celltype=T-cells ===
expr shape: (9956, 3718) n_genes: 9957
[WARN] gene/matrix mismatch after transpose: mat_rows=9956 n_genes=9957 diff=1
[WARN] Aligning by truncation to n=9956
Computing cosine on GPU...
[GPU] Converting sparse -> dense float32 (CPU) ...
[GPU] Moving dense matrix to GPU ...
[GPU] X shape: (9956, 3718)
[GPU] Computing cosine similarity in batches (n=9956, batch=1024, k=50) ...
Building graph (faster: integer vertex ids)...
Caching neighbors+weights for fast walks...
Preparing corpus...
SLURM_CPUS=6 W2V_WORKERS=6 materialize=True
Materializing walks into RAM (this can take time/memory)...
Materialized 9956000 walks
Building vocab...
Vocab built. Starting train...
Train done.
Saved model.
DONE.
