Node: ise-pheno-01
CUDA_VISIBLE_DEVICES: 0
Task: 13
Group: patient=CID3948__celltype=B-cell
Python: /home/michalnu/.conda/envs/bc_walks/bin/python
torch: 2.5.1
cuda available: True
device: NVIDIA GeForce GTX 1080 Ti

=== GROUP: patient=CID3948__celltype=B-cell ===
expr shape: (3926, 308) n_genes: 3927
[WARN] gene/matrix mismatch after transpose: mat_rows=3926 n_genes=3927 diff=1
[WARN] Aligning by truncation to n=3926
Computing cosine on GPU...
[GPU] Converting sparse -> dense float32 (CPU) ...
[GPU] Moving dense matrix to GPU ...
[GPU] X shape: (3926, 308)
[GPU] Computing cosine similarity in batches (n=3926, batch=1024, k=50) ...
Building graph (faster: integer vertex ids)...
Caching neighbors+weights for fast walks...
Preparing corpus...
SLURM_CPUS=6 W2V_WORKERS=6 materialize=True
Materializing walks into RAM (this can take time/memory)...
Materialized 3926000 walks
Building vocab...
Vocab built. Starting train...
Train done.
Saved model.
DONE.
