Node: ise-pheno-07
CUDA_VISIBLE_DEVICES: 0
Task: 58
Group: patient=CID44971__celltype=Endothelial
Python: /home/michalnu/.conda/envs/bc_walks/bin/python
torch: 2.5.1
cuda available: True
device: NVIDIA GeForce GTX 1080 Ti

=== GROUP: patient=CID44971__celltype=Endothelial ===
expr shape: (8983, 216) n_genes: 8984
[WARN] gene/matrix mismatch after transpose: mat_rows=8983 n_genes=8984 diff=1
[WARN] Aligning by truncation to n=8983
Computing cosine on GPU...
[GPU] Converting sparse -> dense float32 (CPU) ...
[GPU] Moving dense matrix to GPU ...
[GPU] X shape: (8983, 216)
[GPU] Computing cosine similarity in batches (n=8983, batch=1024, k=50) ...
Building graph (faster: integer vertex ids)...
Caching neighbors+weights for fast walks...
Preparing corpus...
SLURM_CPUS=6 W2V_WORKERS=6 materialize=True
Materializing walks into RAM (this can take time/memory)...
Materialized 8983000 walks
Building vocab...
Vocab built. Starting train...
Train done.
Saved model.
DONE.
