Node: ise-pheno-03
CUDA_VISIBLE_DEVICES: 0
Task: 43
Group: patient=CID4465__celltype=equivocal
Python: /home/michalnu/.conda/envs/bc_walks/bin/python
torch: 2.5.1
cuda available: True
device: NVIDIA GeForce GTX 1080 Ti

=== GROUP: patient=CID4465__celltype=equivocal ===
expr shape: (3531, 403) n_genes: 3532
[WARN] gene/matrix mismatch after transpose: mat_rows=3531 n_genes=3532 diff=1
[WARN] Aligning by truncation to n=3531
Computing cosine on GPU...
[GPU] Converting sparse -> dense float32 (CPU) ...
[GPU] Moving dense matrix to GPU ...
[GPU] X shape: (3531, 403)
[GPU] Computing cosine similarity in batches (n=3531, batch=1024, k=50) ...
Building graph (faster: integer vertex ids)...
Caching neighbors+weights for fast walks...
Preparing corpus...
SLURM_CPUS=6 W2V_WORKERS=6 materialize=True
Materializing walks into RAM (this can take time/memory)...
Materialized 3531000 walks
Building vocab...
Vocab built. Starting train...
Train done.
Saved model.
DONE.
