Node: ise-pheno-11
CUDA_VISIBLE_DEVICES: 0
Task: 62
Group: patient=CID44971__celltype=Myeloid
Python: /home/michalnu/.conda/envs/bc_walks/bin/python
torch: 2.5.1
cuda available: True
device: NVIDIA GeForce RTX 3090

=== GROUP: patient=CID44971__celltype=Myeloid ===
expr shape: (10956, 592) n_genes: 10957
[WARN] gene/matrix mismatch after transpose: mat_rows=10956 n_genes=10957 diff=1
[WARN] Aligning by truncation to n=10956
Computing cosine on GPU...
[GPU] Converting sparse -> dense float32 (CPU) ...
[GPU] Moving dense matrix to GPU ...
[GPU] X shape: (10956, 592)
[GPU] Computing cosine similarity in batches (n=10956, batch=1024, k=50) ...
Building graph (faster: integer vertex ids)...
Caching neighbors+weights for fast walks...
Preparing corpus...
SLURM_CPUS=6 W2V_WORKERS=6 materialize=True
Materializing walks into RAM (this can take time/memory)...
Materialized 10956000 walks
Building vocab...
Vocab built. Starting train...
Train done.
Saved model.
DONE.
