Node: cs-pheno-11
CUDA_VISIBLE_DEVICES: 0
Task: 17
Group: patient=CID3963__celltype=Myeloid
Python: /home/michalnu/.conda/envs/bc_walks/bin/python
torch: 2.5.1
cuda available: True
device: NVIDIA GeForce RTX 3090

=== GROUP: patient=CID3963__celltype=Myeloid ===
expr shape: (10116, 473) n_genes: 10117
[WARN] gene/matrix mismatch after transpose: mat_rows=10116 n_genes=10117 diff=1
[WARN] Aligning by truncation to n=10116
Computing cosine on GPU...
[GPU] Converting sparse -> dense float32 (CPU) ...
[GPU] Moving dense matrix to GPU ...
[GPU] X shape: (10116, 473)
[GPU] Computing cosine similarity in batches (n=10116, batch=1024, k=50) ...
Building graph (faster: integer vertex ids)...
Caching neighbors+weights for fast walks...
Preparing corpus...
SLURM_CPUS=6 W2V_WORKERS=6 materialize=True
Materializing walks into RAM (this can take time/memory)...
Materialized 10116000 walks
Building vocab...
Vocab built. Starting train...
Train done.
Saved model.
DONE.
