Node: ise-pheno-04
CUDA_VISIBLE_DEVICES: 0
Task: 82
Group: patient=CID4530N__celltype=Epithelial
Python: /home/michalnu/.conda/envs/bc_walks/bin/python
torch: 2.5.1
cuda available: True
device: NVIDIA GeForce GTX 1080 Ti

=== GROUP: patient=CID4530N__celltype=Epithelial ===
expr shape: (14745, 1860) n_genes: 14746
[WARN] gene/matrix mismatch after transpose: mat_rows=14745 n_genes=14746 diff=1
[WARN] Aligning by truncation to n=14745
Computing cosine on GPU...
[GPU] Converting sparse -> dense float32 (CPU) ...
[GPU] Moving dense matrix to GPU ...
[GPU] X shape: (14745, 1860)
[GPU] Computing cosine similarity in batches (n=14745, batch=1024, k=50) ...
Building graph (faster: integer vertex ids)...
Caching neighbors+weights for fast walks...
Preparing corpus...
SLURM_CPUS=6 W2V_WORKERS=6 materialize=True
Materializing walks into RAM (this can take time/memory)...
Materialized 14745000 walks
Building vocab...
Vocab built. Starting train...
