Node: cs-1080-01
CUDA_VISIBLE_DEVICES: 0
Task: 12
Group: patient=CID3946__celltype=equivocal
Python: /home/michalnu/.conda/envs/bc_walks/bin/python
torch: 2.5.1
cuda available: True
device: NVIDIA TITAN Xp

=== GROUP: patient=CID3946__celltype=equivocal ===
expr shape: (5881, 414) n_genes: 5882
[WARN] gene/matrix mismatch after transpose: mat_rows=5881 n_genes=5882 diff=1
[WARN] Aligning by truncation to n=5881
Computing cosine on GPU...
[GPU] Converting sparse -> dense float32 (CPU) ...
[GPU] Moving dense matrix to GPU ...
[GPU] X shape: (5881, 414)
[GPU] Computing cosine similarity in batches (n=5881, batch=1024, k=50) ...
Building graph (faster: integer vertex ids)...
Caching neighbors+weights for fast walks...
Preparing corpus...
SLURM_CPUS=6 W2V_WORKERS=6 materialize=True
Materializing walks into RAM (this can take time/memory)...
Materialized 5881000 walks
Building vocab...
Vocab built. Starting train...
Train done.
Saved model.
DONE.
