Node: cs-pheno-01
CUDA_VISIBLE_DEVICES: 0
Task: 56
Group: patient=CID4495__celltype=T-cells
Python: /home/michalnu/.conda/envs/bc_walks/bin/python
torch: 2.5.1
cuda available: True
device: NVIDIA GeForce RTX 3090

=== GROUP: patient=CID4495__celltype=T-cells ===
expr shape: (12617, 3421) n_genes: 12618
[WARN] gene/matrix mismatch after transpose: mat_rows=12617 n_genes=12618 diff=1
[WARN] Aligning by truncation to n=12617
Computing cosine on GPU...
[GPU] Converting sparse -> dense float32 (CPU) ...
[GPU] Moving dense matrix to GPU ...
[GPU] X shape: (12617, 3421)
[GPU] Computing cosine similarity in batches (n=12617, batch=1024, k=50) ...
Building graph (faster: integer vertex ids)...
Caching neighbors+weights for fast walks...
Preparing corpus...
SLURM_CPUS=6 W2V_WORKERS=6 materialize=True
Materializing walks into RAM (this can take time/memory)...
