Node: ise-pheno-10
CUDA_VISIBLE_DEVICES: 0
Task: 50
Group: patient=CID4471__celltype=T-cells
Python: /home/michalnu/.conda/envs/bc_walks/bin/python
torch: 2.5.1
cuda available: True
device: NVIDIA GeForce RTX 3090

=== GROUP: patient=CID4471__celltype=T-cells ===
expr shape: (8488, 604) n_genes: 8489
[WARN] gene/matrix mismatch after transpose: mat_rows=8488 n_genes=8489 diff=1
[WARN] Aligning by truncation to n=8488
Computing cosine on GPU...
[GPU] Converting sparse -> dense float32 (CPU) ...
[GPU] Moving dense matrix to GPU ...
[GPU] X shape: (8488, 604)
[GPU] Computing cosine similarity in batches (n=8488, batch=1024, k=50) ...
Building graph (faster: integer vertex ids)...
Caching neighbors+weights for fast walks...
Preparing corpus...
SLURM_CPUS=6 W2V_WORKERS=6 materialize=True
Materializing walks into RAM (this can take time/memory)...
Materialized 8488000 walks
Building vocab...
Vocab built. Starting train...
Train done.
Saved model.
DONE.
