Node: cs-1080-05
CUDA_VISIBLE_DEVICES: 0
Task: 10
Group: patient=CID3921__celltype=T-cells
Python: /home/michalnu/.conda/envs/bc_walks/bin/python
torch: 2.5.1
cuda available: True
device: NVIDIA GeForce GTX 1080

=== GROUP: patient=CID3921__celltype=T-cells ===
expr shape: (10267, 1473) n_genes: 10268
[WARN] gene/matrix mismatch after transpose: mat_rows=10267 n_genes=10268 diff=1
[WARN] Aligning by truncation to n=10267
Computing cosine on GPU...
[GPU] Converting sparse -> dense float32 (CPU) ...
[GPU] Moving dense matrix to GPU ...
[GPU] X shape: (10267, 1473)
[GPU] Computing cosine similarity in batches (n=10267, batch=1024, k=50) ...
Building graph (faster: integer vertex ids)...
Caching neighbors+weights for fast walks...
Preparing corpus...
SLURM_CPUS=6 W2V_WORKERS=6 materialize=True
Materializing walks into RAM (this can take time/memory)...
Materialized 10267000 walks
Building vocab...
Vocab built. Starting train...
Train done.
Saved model.
DONE.
