Node: cs-1080-01
CUDA_VISIBLE_DEVICES: 0
Task: 6
Group: patient=CID3921__celltype=B-cell
Python: /home/michalnu/.conda/envs/bc_walks/bin/python
torch: 2.5.1
cuda available: True
device: NVIDIA TITAN Xp

=== GROUP: patient=CID3921__celltype=B-cell ===
expr shape: (5761, 335) n_genes: 5762
[WARN] gene/matrix mismatch after transpose: mat_rows=5761 n_genes=5762 diff=1
[WARN] Aligning by truncation to n=5761
Computing cosine on GPU...
[GPU] Converting sparse -> dense float32 (CPU) ...
[GPU] Moving dense matrix to GPU ...
[GPU] X shape: (5761, 335)
[GPU] Computing cosine similarity in batches (n=5761, batch=1024, k=50) ...
Building graph (faster: integer vertex ids)...
Caching neighbors+weights for fast walks...
Preparing corpus...
SLURM_CPUS=6 W2V_WORKERS=6 materialize=True
Materializing walks into RAM (this can take time/memory)...
Materialized 5761000 walks
Building vocab...
Vocab built. Starting train...
Train done.
Saved model.
DONE.
