Node: ise-pheno-11
CUDA_VISIBLE_DEVICES: 0
Task: 24
Group: patient=CID4066__celltype=equivocal
Python: /home/michalnu/.conda/envs/bc_walks/bin/python
torch: 2.5.1
cuda available: True
device: NVIDIA GeForce GTX 1080 Ti

=== GROUP: patient=CID4066__celltype=equivocal ===
expr shape: (12459, 878) n_genes: 12460
[WARN] gene/matrix mismatch after transpose: mat_rows=12459 n_genes=12460 diff=1
[WARN] Aligning by truncation to n=12459
Computing cosine on GPU...
[GPU] Converting sparse -> dense float32 (CPU) ...
[GPU] Moving dense matrix to GPU ...
[GPU] X shape: (12459, 878)
[GPU] Computing cosine similarity in batches (n=12459, batch=1024, k=50) ...
Building graph (faster: integer vertex ids)...
Caching neighbors+weights for fast walks...
Preparing corpus...
SLURM_CPUS=6 W2V_WORKERS=6 materialize=True
Materializing walks into RAM (this can take time/memory)...
Materialized 12459000 walks
Building vocab...
Vocab built. Starting train...
Train done.
Saved model.
DONE.
