Node: cs-pheno-03
CUDA_VISIBLE_DEVICES: 0
Task: 68
Group: patient=CID44991__celltype=T-cells
Python: /home/michalnu/.conda/envs/bc_walks/bin/python
torch: 2.5.1
cuda available: True
device: NVIDIA GeForce GTX 1080 Ti

=== GROUP: patient=CID44991__celltype=T-cells ===
expr shape: (8547, 827) n_genes: 8548
[WARN] gene/matrix mismatch after transpose: mat_rows=8547 n_genes=8548 diff=1
[WARN] Aligning by truncation to n=8547
Computing cosine on GPU...
[GPU] Converting sparse -> dense float32 (CPU) ...
[GPU] Moving dense matrix to GPU ...
[GPU] X shape: (8547, 827)
[GPU] Computing cosine similarity in batches (n=8547, batch=1024, k=50) ...
Building graph (faster: integer vertex ids)...
Caching neighbors+weights for fast walks...
Preparing corpus...
SLURM_CPUS=6 W2V_WORKERS=6 materialize=True
Materializing walks into RAM (this can take time/memory)...
