Node: ise-1080-01
CUDA_VISIBLE_DEVICES: 0
Task: 41
Group: patient=CID4463__celltype=T-cells
Python: /home/michalnu/.conda/envs/bc_walks/bin/python
torch: 2.5.1
cuda available: True
device: NVIDIA GeForce GTX 1080 Ti

=== GROUP: patient=CID4463__celltype=T-cells ===
expr shape: (3450, 215) n_genes: 3451
[WARN] gene/matrix mismatch after transpose: mat_rows=3450 n_genes=3451 diff=1
[WARN] Aligning by truncation to n=3450
Computing cosine on GPU...
[GPU] Converting sparse -> dense float32 (CPU) ...
[GPU] Moving dense matrix to GPU ...
[GPU] X shape: (3450, 215)
[GPU] Computing cosine similarity in batches (n=3450, batch=1024, k=50) ...
Building graph (faster: integer vertex ids)...
Caching neighbors+weights for fast walks...
Preparing corpus...
SLURM_CPUS=6 W2V_WORKERS=6 materialize=True
Materializing walks into RAM (this can take time/memory)...
Materialized 3450000 walks
Building vocab...
Vocab built. Starting train...
Train done.
Saved model.
DONE.
