Node: cs-1080-01
CUDA_VISIBLE_DEVICES: 0
Task: 5
Group: patient=CID3838__celltype=T-cells
Python: /home/michalnu/.conda/envs/bc_walks/bin/python
torch: 2.5.1
cuda available: True
device: NVIDIA TITAN Xp

=== GROUP: patient=CID3838__celltype=T-cells ===
expr shape: (11971, 1343) n_genes: 11972
[WARN] gene/matrix mismatch after transpose: mat_rows=11971 n_genes=11972 diff=1
[WARN] Aligning by truncation to n=11971
Computing cosine on GPU...
[GPU] Converting sparse -> dense float32 (CPU) ...
[GPU] Moving dense matrix to GPU ...
[GPU] X shape: (11971, 1343)
[GPU] Computing cosine similarity in batches (n=11971, batch=1024, k=50) ...
Building graph (faster: integer vertex ids)...
Caching neighbors+weights for fast walks...
Preparing corpus...
SLURM_CPUS=6 W2V_WORKERS=6 materialize=True
Materializing walks into RAM (this can take time/memory)...
Materialized 11971000 walks
Building vocab...
Vocab built. Starting train...
Train done.
Saved model.
DONE.
