Node: ise-pheno-08
CUDA_VISIBLE_DEVICES: 0
Task: 3
Group: patient=CID3586__celltype=T-cells
Python: /home/michalnu/.conda/envs/bc_walks/bin/python
torch: 2.5.1
cuda available: True
device: NVIDIA GeForce RTX 3090

=== GROUP: patient=CID3586__celltype=T-cells ===
expr shape: (11712, 4593) n_genes: 11713
[WARN] gene/matrix mismatch after transpose: mat_rows=11712 n_genes=11713 diff=1
[WARN] Aligning by truncation to n=11712
Computing cosine on GPU...
[GPU] Converting sparse -> dense float32 (CPU) ...
[GPU] Moving dense matrix to GPU ...
[GPU] X shape: (11712, 4593)
[GPU] Computing cosine similarity in batches (n=11712, batch=1024, k=50) ...
Building graph (faster: integer vertex ids)...
Caching neighbors+weights for fast walks...
Preparing corpus...
SLURM_CPUS=6 W2V_WORKERS=6 materialize=True
Materializing walks into RAM (this can take time/memory)...
Materialized 11712000 walks
Building vocab...
Vocab built. Starting train...
Train done.
Saved model.
DONE.
