Node: ise-pheno-10
CUDA_VISIBLE_DEVICES: 0
Task: 65
Group: patient=CID44991__celltype=Epithelial
Python: /home/michalnu/.conda/envs/bc_walks/bin/python
torch: 2.5.1
cuda available: True
device: NVIDIA GeForce RTX 3090

=== GROUP: patient=CID44991__celltype=Epithelial ===
expr shape: (15944, 3954) n_genes: 15945
[WARN] gene/matrix mismatch after transpose: mat_rows=15944 n_genes=15945 diff=1
[WARN] Aligning by truncation to n=15944
Computing cosine on GPU...
[GPU] Converting sparse -> dense float32 (CPU) ...
[GPU] Moving dense matrix to GPU ...
[GPU] X shape: (15944, 3954)
[GPU] Computing cosine similarity in batches (n=15944, batch=1024, k=50) ...
Building graph (faster: integer vertex ids)...
Caching neighbors+weights for fast walks...
Preparing corpus...
SLURM_CPUS=6 W2V_WORKERS=6 materialize=True
Materializing walks into RAM (this can take time/memory)...
