Node: cs-pheno-01
CUDA_VISIBLE_DEVICES: 0
Task: 67
Group: patient=CID44991__celltype=Fibroblasts
Python: /home/michalnu/.conda/envs/bc_walks/bin/python
torch: 2.5.1
cuda available: True
device: NVIDIA GeForce RTX 3090

=== GROUP: patient=CID44991__celltype=Fibroblasts ===
expr shape: (8248, 252) n_genes: 8249
[WARN] gene/matrix mismatch after transpose: mat_rows=8248 n_genes=8249 diff=1
[WARN] Aligning by truncation to n=8248
Computing cosine on GPU...
[GPU] Converting sparse -> dense float32 (CPU) ...
[GPU] Moving dense matrix to GPU ...
[GPU] X shape: (8248, 252)
[GPU] Computing cosine similarity in batches (n=8248, batch=1024, k=50) ...
Building graph (faster: integer vertex ids)...
Caching neighbors+weights for fast walks...
Preparing corpus...
SLURM_CPUS=6 W2V_WORKERS=6 materialize=True
Materializing walks into RAM (this can take time/memory)...
Materialized 8248000 walks
Building vocab...
Vocab built. Starting train...
Train done.
Saved model.
DONE.
