Node: cs-pheno-01
CUDA_VISIBLE_DEVICES: 0
Task: 1
Group: patient=CID3586__celltype=B-cell
Python: /home/michalnu/.conda/envs/bc_walks/bin/python
torch: 2.5.1
cuda available: True
device: NVIDIA GeForce RTX 3090

=== GROUP: patient=CID3586__celltype=B-cell ===
expr shape: (5259, 317) n_genes: 5260
[WARN] gene/matrix mismatch after transpose: mat_rows=5259 n_genes=5260 diff=1
[WARN] Aligning by truncation to n=5259
Computing cosine on GPU...
[GPU] Converting sparse -> dense float32 (CPU) ...
[GPU] Moving dense matrix to GPU ...
[GPU] X shape: (5259, 317)
[GPU] Computing cosine similarity in batches (n=5259, batch=1024, k=50) ...
Building graph (faster: integer vertex ids)...
Caching neighbors+weights for fast walks...
Preparing streaming corpus...
Training Word2Vec (streaming)...
