Node: ise-pheno-07
CUDA_VISIBLE_DEVICES: 0
Task: 29
Group: patient=CID4067__celltype=Myeloid
Python: /home/michalnu/.conda/envs/bc_walks/bin/python
torch: 2.5.1
cuda available: True
device: NVIDIA GeForce GTX 1080 Ti

=== GROUP: patient=CID4067__celltype=Myeloid ===
expr shape: (6821, 263) n_genes: 6822
[WARN] gene/matrix mismatch after transpose: mat_rows=6821 n_genes=6822 diff=1
[WARN] Aligning by truncation to n=6821
Computing cosine on GPU...
[GPU] Converting sparse -> dense float32 (CPU) ...
[GPU] Moving dense matrix to GPU ...
[GPU] X shape: (6821, 263)
[GPU] Computing cosine similarity in batches (n=6821, batch=1024, k=50) ...
Building graph (faster: integer vertex ids)...
Caching neighbors+weights for fast walks...
Preparing corpus...
SLURM_CPUS=6 W2V_WORKERS=6 materialize=True
Materializing walks into RAM (this can take time/memory)...
Materialized 6821000 walks
Building vocab...
Vocab built. Starting train...
Train done.
Saved model.
DONE.
