Node: cs-pheno-11
CUDA_VISIBLE_DEVICES: 0
Task: 81
Group: patient=CID4530N__celltype=Endothelial
Python: /home/michalnu/.conda/envs/bc_walks/bin/python
torch: 2.5.1
cuda available: True
device: NVIDIA GeForce GTX 1080 Ti

=== GROUP: patient=CID4530N__celltype=Endothelial ===
expr shape: (13724, 1022) n_genes: 13725
[WARN] gene/matrix mismatch after transpose: mat_rows=13724 n_genes=13725 diff=1
[WARN] Aligning by truncation to n=13724
Computing cosine on GPU...
[GPU] Converting sparse -> dense float32 (CPU) ...
[GPU] Moving dense matrix to GPU ...
[GPU] X shape: (13724, 1022)
[GPU] Computing cosine similarity in batches (n=13724, batch=1024, k=50) ...
Building graph (faster: integer vertex ids)...
Caching neighbors+weights for fast walks...
Preparing corpus...
SLURM_CPUS=6 W2V_WORKERS=6 materialize=True
Materializing walks into RAM (this can take time/memory)...
Materialized 13724000 walks
Building vocab...
Vocab built. Starting train...
