Node: ise-pheno-12
CUDA_VISIBLE_DEVICES: 0
Task: 76
Group: patient=CID4515__celltype=T-cells
Python: /home/michalnu/.conda/envs/bc_walks/bin/python
torch: 2.5.1
cuda available: True
device: NVIDIA GeForce RTX 3090

=== GROUP: patient=CID4515__celltype=T-cells ===
expr shape: (6789, 402) n_genes: 6790
[WARN] gene/matrix mismatch after transpose: mat_rows=6789 n_genes=6790 diff=1
[WARN] Aligning by truncation to n=6789
Computing cosine on GPU...
[GPU] Converting sparse -> dense float32 (CPU) ...
[GPU] Moving dense matrix to GPU ...
[GPU] X shape: (6789, 402)
[GPU] Computing cosine similarity in batches (n=6789, batch=1024, k=50) ...
Building graph (faster: integer vertex ids)...
Caching neighbors+weights for fast walks...
Preparing corpus...
SLURM_CPUS=6 W2V_WORKERS=6 materialize=True
Materializing walks into RAM (this can take time/memory)...
Materialized 6789000 walks
Building vocab...
Vocab built. Starting train...
Train done.
Saved model.
DONE.
