Node: cs-pheno-07
CUDA_VISIBLE_DEVICES: 0
Task: 14
Group: patient=CID3948__celltype=Epithelial
Python: /home/michalnu/.conda/envs/bc_walks/bin/python
torch: 2.5.1
cuda available: True
device: NVIDIA GeForce GTX 1080 Ti

=== GROUP: patient=CID3948__celltype=Epithelial ===
expr shape: (9643, 260) n_genes: 9644
[WARN] gene/matrix mismatch after transpose: mat_rows=9643 n_genes=9644 diff=1
[WARN] Aligning by truncation to n=9643
Computing cosine on GPU...
[GPU] Converting sparse -> dense float32 (CPU) ...
[GPU] Moving dense matrix to GPU ...
[GPU] X shape: (9643, 260)
[GPU] Computing cosine similarity in batches (n=9643, batch=1024, k=50) ...
Building graph (faster: integer vertex ids)...
Caching neighbors+weights for fast walks...
Preparing corpus...
SLURM_CPUS=6 W2V_WORKERS=6 materialize=True
Materializing walks into RAM (this can take time/memory)...
Materialized 9643000 walks
Building vocab...
Vocab built. Starting train...
Train done.
Saved model.
DONE.
