Node: cs-pheno-04
CUDA_VISIBLE_DEVICES: 0
Task: 89
Group: patient=CID4535__celltype=Myeloid
Python: /home/michalnu/.conda/envs/bc_walks/bin/python
torch: 2.5.1
cuda available: True
device: NVIDIA GeForce RTX 3090

=== GROUP: patient=CID4535__celltype=Myeloid ===
expr shape: (8376, 203) n_genes: 8377
[WARN] gene/matrix mismatch after transpose: mat_rows=8376 n_genes=8377 diff=1
[WARN] Aligning by truncation to n=8376
Computing cosine on GPU...
[GPU] Converting sparse -> dense float32 (CPU) ...
[GPU] Moving dense matrix to GPU ...
[GPU] X shape: (8376, 203)
[GPU] Computing cosine similarity in batches (n=8376, batch=1024, k=50) ...
Building graph (faster: integer vertex ids)...
Caching neighbors+weights for fast walks...
Preparing corpus...
SLURM_CPUS=6 W2V_WORKERS=6 materialize=True
Materializing walks into RAM (this can take time/memory)...
Materialized 8376000 walks
Building vocab...
Vocab built. Starting train...
Train done.
Saved model.
DONE.
