Node: ise-2080-02
CUDA_VISIBLE_DEVICES: 0
Task: 37
Group: patient=CID44041__celltype=Fibroblasts
Python: /home/michalnu/.conda/envs/bc_walks/bin/python
torch: 2.5.1
cuda available: True
device: NVIDIA GeForce RTX 2080 Ti

=== GROUP: patient=CID44041__celltype=Fibroblasts ===
expr shape: (11213, 682) n_genes: 11214
[WARN] gene/matrix mismatch after transpose: mat_rows=11213 n_genes=11214 diff=1
[WARN] Aligning by truncation to n=11213
Computing cosine on GPU...
[GPU] Converting sparse -> dense float32 (CPU) ...
[GPU] Moving dense matrix to GPU ...
[GPU] X shape: (11213, 682)
[GPU] Computing cosine similarity in batches (n=11213, batch=1024, k=50) ...
Building graph (faster: integer vertex ids)...
Caching neighbors+weights for fast walks...
Preparing corpus...
SLURM_CPUS=6 W2V_WORKERS=6 materialize=True
Materializing walks into RAM (this can take time/memory)...
Materialized 11213000 walks
Building vocab...
Vocab built. Starting train...
Train done.
Saved model.
DONE.
